<?xml version="1.0" encoding="UTF-8"?>
<!-- Generated by org.testng.reporters.JUnitXMLReporter -->
<testsuite ignored="0" hostname="DESKTOP-41QBBKI" failures="0" tests="4" name="Test" time="3.714" errors="0" timestamp="2025-04-30T13:28:31 IST">
  <testcase classname="com.Az.tests.A" name="display" time="3.662"/>
  <testcase classname="com.Az.tests.B" name="display" time="0.002"/>
  <testcase classname="com.Az.tests.C" name="display" time="0.002"/>
  <testcase classname="com.Az.tests.D" name="display" time="0.001"/>
</testsuite> <!-- Test -->
