<?xml version="1.0" encoding="UTF-8"?>
<testng-results ignored="0" total="1" passed="1" failed="0" skipped="0">
  <reporter-output>
  </reporter-output>
  <suite started-at="2025-04-30T13:29:59 IST" name="Default suite" finished-at="2025-04-30T13:30:07 IST" duration-ms="8267">
    <groups>
    </groups>
    <test started-at="2025-04-30T13:29:59 IST" name="Default test" finished-at="2025-04-30T13:30:07 IST" duration-ms="8267">
      <class name="com.Az.tests.A">
        <test-method signature="display()[pri:0, instance:com.Az.tests.A@5223e5ee]" started-at="2025-04-30T13:29:59 IST" name="display" finished-at="2025-04-30T13:30:07 IST" duration-ms="8230" status="PASS">
          <reporter-output>
          </reporter-output>
        </test-method> <!-- display -->
      </class> <!-- com.Az.tests.A -->
    </test> <!-- Default test -->
  </suite> <!-- Default suite -->
</testng-results>
