<?xml version="1.0" encoding="UTF-8"?>
<testng-results ignored="0" total="1" passed="1" failed="0" skipped="0">
  <reporter-output>
  </reporter-output>
  <suite started-at="2025-04-30T14:55:31 IST" name="Default suite" finished-at="2025-04-30T14:55:37 IST" duration-ms="5505">
    <groups>
    </groups>
    <test started-at="2025-04-30T14:55:31 IST" name="Default test" finished-at="2025-04-30T14:55:37 IST" duration-ms="5505">
      <class name="com.Az.tests.A">
        <test-method signature="display()[pri:0, instance:com.Az.tests.A@3e2e18f2]" started-at="2025-04-30T14:55:31 IST" name="display" finished-at="2025-04-30T14:55:37 IST" duration-ms="5456" status="PASS">
          <reporter-output>
          </reporter-output>
        </test-method> <!-- display -->
      </class> <!-- com.Az.tests.A -->
    </test> <!-- Default test -->
  </suite> <!-- Default suite -->
</testng-results>
